2025-05-31 10:26:24,603 [WARNING] -  * Debugger is active!
2025-05-31 10:26:24,612 [INFO] -  * Debugger PIN: 573-427-206
2025-05-31 10:27:09,015 [INFO] -  * Detected change in '/Users/vloggerbhaai/Desktop/DataScience/AutomationEngine/AutomationEngine_InsuranceClaim/run.py', reloading
2025-05-31 10:27:09,257 [WARNING] -  * Debugger is active!
2025-05-31 10:27:09,263 [INFO] -  * Debugger PIN: 573-427-206
2025-05-31 10:27:30,019 [INFO] -  * Detected change in '/Users/vloggerbhaai/Desktop/DataScience/AutomationEngine/AutomationEngine_InsuranceClaim/run.py', reloading
2025-05-31 10:27:30,281 [WARNING] -  * Debugger is active!
2025-05-31 10:27:30,290 [INFO] -  * Debugger PIN: 573-427-206
2025-05-31 10:27:32,303 [INFO] - patient data : Patient(patient_id='P12345', insurance_provider_id='INS456', eligible=True, previous_procedures=['XRAY001', 'CT456'], last_procedure_dates={'MRI123': '2025-02-15T00:00:00'}, diagnosis_codes=['R51', 'G44'])
2025-05-31 10:27:32,304 [INFO] - 127.0.0.1 - - [31/May/2025 10:27:32] "POST /authorize HTTP/1.1" 200 -
2025-05-31 10:32:35,030 [INFO] -  * Detected change in '/Users/vloggerbhaai/Desktop/DataScience/AutomationEngine/AutomationEngine_InsuranceClaim/run.py', reloading
2025-05-31 10:32:35,304 [WARNING] -  * Debugger is active!
2025-05-31 10:32:35,310 [INFO] -  * Debugger PIN: 573-427-206
2025-05-31 10:33:10,440 [INFO] - patient data : Patient(patient_id='P12345', insurance_provider_id='INS456', eligible=True, previous_procedures=['XRAY001', 'CT456'], last_procedure_dates={'MRI123': datetime.datetime(2025, 2, 15, 0, 0)}, diagnosis_codes=['R51', 'G44'])
2025-05-31 10:33:10,441 [INFO] - 127.0.0.1 - - [31/May/2025 10:33:10] "POST /authorize HTTP/1.1" 200 -
2025-05-31 10:33:21,866 [INFO] -  * Detected change in '/Users/vloggerbhaai/Desktop/DataScience/AutomationEngine/AutomationEngine_InsuranceClaim/run.py', reloading
2025-05-31 10:33:22,113 [WARNING] -  * Debugger is active!
2025-05-31 10:33:22,120 [INFO] -  * Debugger PIN: 573-427-206
2025-05-31 10:33:27,048 [INFO] - patient data : Patient(patient_id='P12345', insurance_provider_id='INS456', eligible=True, previous_procedures=['XRAY001', 'CT456'], last_procedure_dates={'MRI123': datetime.datetime(2025, 2, 15, 0, 0)}, diagnosis_codes=['R51', 'G44'])
2025-05-31 10:33:27,048 [INFO] - 127.0.0.1 - - [31/May/2025 10:33:27] "POST /authorize HTTP/1.1" 200 -
